<?xml version="1.0" encoding="UTF-8"?>
<!-- Generated by org.testng.reporters.JUnitXMLReporter -->
<testsuite ignored="1" hostname="DESKTOP-LCGKJ6N" failures="0" tests="1" name="Test" time="10.851" errors="0" timestamp="2025-03-19T12:13:32 IST">
  <testcase classname="productTests.AddProductToCartTestASSERT_SM" name="tc_001_AddProductToCartTest" time="1.317"/>
  <testcase classname="productTests.AddProductToCartTestASSERT_SM" name="tc_002_sampleTest" time="0.0">
    <ignored/>
  </testcase> <!-- tc_002_sampleTest -->
</testsuite> <!-- Test -->
