<?xml version="1.0" encoding="UTF-8"?>
<!-- Generated by org.testng.reporters.JUnitXMLReporter -->
<testsuite ignored="2" hostname="DESKTOP-LCGKJ6N" failures="0" tests="2" name="Test" time="35.624" errors="0" timestamp="2025-03-19T11:43:44 IST">
  <testcase classname="productTests.AddProductToCartTestASSERT" name="tc_001_AddProductToCartTest" time="3.129"/>
  <testcase classname="productTests.AddLowestPriceProductTestASSERT" name="tc_002_addLowestPriceProductToCartTest" time="7.525"/>
  <testcase classname="genericUtilities.BaseClass" name="@BeforeSuite bsConfig" time="0.0">
    <ignored/>
  </testcase> <!-- @BeforeSuite bsConfig -->
  <testcase classname="genericUtilities.BaseClass" name="@AfterSuite asConfig" time="0.0">
    <ignored/>
  </testcase> <!-- @AfterSuite asConfig -->
</testsuite> <!-- Test -->
