<?xml version="1.0" encoding="UTF-8"?>
<!-- Generated by org.testng.reporters.JUnitXMLReporter -->
<testsuite ignored="0" hostname="DESKTOP-LCGKJ6N" failures="0" tests="2" name="Default test" time="35.637" errors="0" timestamp="2025-03-25T13:48:00 IST">
  <testcase classname="productTests.AddProductToCartTestASSERT_SM" name="tc_001_AddProductToCartTest" time="5.533"/>
  <testcase classname="productTests.AddProductToCartTestASSERT_SM" name="tc_002_sampleTest" time="0.002"/>
</testsuite> <!-- Default test -->
