<?xml version="1.0" encoding="UTF-8"?>
<!-- Generated by org.testng.reporters.JUnitXMLReporter -->
<testsuite ignored="1" hostname="DESKTOP-LCGKJ6N" failures="0" tests="1" name="Default test" time="0.447" errors="0" timestamp="2025-04-03T12:51:01 IST">
  <testcase classname="practice.SampleJDBC" name="jdbcExecuteQuery" time="0.379"/>
  <testcase classname="practice.SampleJDBC" name="jdbcExecuteUpdate" time="0.0">
    <ignored/>
  </testcase> <!-- jdbcExecuteUpdate -->
</testsuite> <!-- Default test -->
