<?xml version="1.0" encoding="UTF-8"?>
<testng-results ignored="1" total="2" passed="1" failed="0" skipped="0">
  <reporter-output>
  </reporter-output>
  <suite started-at="2025-04-03T12:51:00 IST" name="Default suite" finished-at="2025-04-03T12:51:00 IST" duration-ms="447">
    <groups>
    </groups>
    <test started-at="2025-04-03T12:51:00 IST" name="Default test" finished-at="2025-04-03T12:51:00 IST" duration-ms="447">
      <class name="practice.SampleJDBC">
        <test-method signature="jdbcExecuteQuery()[pri:0, instance:practice.SampleJDBC@1aa7ecca]" started-at="2025-04-03T12:51:00 IST" name="jdbcExecuteQuery" finished-at="2025-04-03T12:51:00 IST" duration-ms="379" status="PASS">
          <reporter-output>
          </reporter-output>
        </test-method> <!-- jdbcExecuteQuery -->
      </class> <!-- practice.SampleJDBC -->
    </test> <!-- Default test -->
  </suite> <!-- Default suite -->
</testng-results>
