<?xml version="1.0" encoding="UTF-8"?>
<testng-results ignored="0" total="2" passed="2" failed="0" skipped="0">
  <reporter-output>
  </reporter-output>
  <suite started-at="2025-03-25T13:47:24 IST" name="Default suite" finished-at="2025-03-25T13:48:00 IST" duration-ms="35637">
    <groups>
      <group name="RegressionSuite">
        <method signature="AddProductToCartTestASSERT_SM.tc_002_sampleTest()[pri:0, instance:productTests.AddProductToCartTestASSERT_SM@35d019a3]" name="tc_002_sampleTest" class="productTests.AddProductToCartTestASSERT_SM"/>
      </group> <!-- RegressionSuite -->
      <group name="SmokeSuite">
        <method signature="AddProductToCartTestASSERT_SM.tc_001_AddProductToCartTest()[pri:0, instance:productTests.AddProductToCartTestASSERT_SM@35d019a3]" name="tc_001_AddProductToCartTest" class="productTests.AddProductToCartTestASSERT_SM"/>
      </group> <!-- SmokeSuite -->
    </groups>
    <test started-at="2025-03-25T13:47:24 IST" name="Default test" finished-at="2025-03-25T13:48:00 IST" duration-ms="35637">
      <class name="productTests.AddProductToCartTestASSERT_SM">
        <test-method is-config="true" signature="bsConfig()[pri:0, instance:productTests.AddProductToCartTestASSERT_SM@35d019a3]" started-at="2025-03-25T13:47:24 IST" name="bsConfig" finished-at="2025-03-25T13:47:24 IST" duration-ms="8" status="PASS">
          <reporter-output>
          </reporter-output>
        </test-method> <!-- bsConfig -->
        <test-method is-config="true" signature="bcConfig()[pri:0, instance:productTests.AddProductToCartTestASSERT_SM@35d019a3]" started-at="2025-03-25T13:47:24 IST" name="bcConfig" finished-at="2025-03-25T13:47:51 IST" duration-ms="26399" status="PASS">
          <reporter-output>
          </reporter-output>
        </test-method> <!-- bcConfig -->
        <test-method is-config="true" signature="bmConfig()[pri:0, instance:productTests.AddProductToCartTestASSERT_SM@35d019a3]" started-at="2025-03-25T13:47:51 IST" name="bmConfig" finished-at="2025-03-25T13:47:52 IST" duration-ms="1517" status="PASS">
          <reporter-output>
          </reporter-output>
        </test-method> <!-- bmConfig -->
        <test-method signature="tc_001_AddProductToCartTest()[pri:0, instance:productTests.AddProductToCartTestASSERT_SM@35d019a3]" started-at="2025-03-25T13:47:52 IST" name="tc_001_AddProductToCartTest" finished-at="2025-03-25T13:47:58 IST" duration-ms="5533" status="PASS">
          <reporter-output>
          </reporter-output>
        </test-method> <!-- tc_001_AddProductToCartTest -->
        <test-method is-config="true" signature="amConfig()[pri:0, instance:productTests.AddProductToCartTestASSERT_SM@35d019a3]" started-at="2025-03-25T13:47:58 IST" name="amConfig" finished-at="2025-03-25T13:47:58 IST" duration-ms="184" status="PASS">
          <reporter-output>
          </reporter-output>
        </test-method> <!-- amConfig -->
        <test-method is-config="true" signature="bmConfig()[pri:0, instance:productTests.AddProductToCartTestASSERT_SM@35d019a3]" started-at="2025-03-25T13:47:58 IST" name="bmConfig" finished-at="2025-03-25T13:47:58 IST" duration-ms="257" status="PASS">
          <reporter-output>
          </reporter-output>
        </test-method> <!-- bmConfig -->
        <test-method signature="tc_002_sampleTest()[pri:0, instance:productTests.AddProductToCartTestASSERT_SM@35d019a3]" started-at="2025-03-25T13:47:58 IST" name="tc_002_sampleTest" finished-at="2025-03-25T13:47:58 IST" duration-ms="2" status="PASS">
          <reporter-output>
          </reporter-output>
        </test-method> <!-- tc_002_sampleTest -->
        <test-method is-config="true" signature="amConfig()[pri:0, instance:productTests.AddProductToCartTestASSERT_SM@35d019a3]" started-at="2025-03-25T13:47:58 IST" name="amConfig" finished-at="2025-03-25T13:47:59 IST" duration-ms="346" status="PASS">
          <reporter-output>
          </reporter-output>
        </test-method> <!-- amConfig -->
        <test-method is-config="true" signature="acConfig()[pri:0, instance:productTests.AddProductToCartTestASSERT_SM@35d019a3]" started-at="2025-03-25T13:47:59 IST" name="acConfig" finished-at="2025-03-25T13:48:00 IST" duration-ms="1344" status="PASS">
          <reporter-output>
          </reporter-output>
        </test-method> <!-- acConfig -->
        <test-method is-config="true" signature="asConfig()[pri:0, instance:productTests.AddProductToCartTestASSERT_SM@35d019a3]" started-at="2025-03-25T13:48:00 IST" name="asConfig" finished-at="2025-03-25T13:48:00 IST" duration-ms="1" status="PASS">
          <reporter-output>
          </reporter-output>
        </test-method> <!-- asConfig -->
      </class> <!-- productTests.AddProductToCartTestASSERT_SM -->
    </test> <!-- Default test -->
  </suite> <!-- Default suite -->
</testng-results>
